build/app/intermediates/manifest_merge_blame_file/debug/manifest-merger-blame-debug-report.txt
1<?xml version="1.0" encoding="utf-8"?>
2<manifest xmlns:android="http://schemas.android.com/apk/res/android"
3    package="com.capstoneproject.raidereatsusersapp"
4    android:versionCode="1"
5    android:versionName="1.0.0" >
6
7    <uses-sdk
8        android:minSdkVersion="19"
9        android:targetSdkVersion="33" />
10    <!--
11         The INTERNET permission is required for development. Specifically,
12         the Flutter tool needs it to communicate with the running application
13         to allow setting breakpoints, to provide hot reload, etc.
14    -->
15    <uses-permission android:name="android.permission.INTERNET" />
15-->src\debug\AndroidManifest.xml:7:5-66
15-->src\debug\AndroidManifest.xml:7:22-64
16    <uses-permission android:name="android.permission.ACCESS_FINE_LOCATION" />
16-->src\main\AndroidManifest.xml:5:5-79
16-->src\main\AndroidManifest.xml:5:22-76
17    <uses-permission android:name="android.permission.ACCESS_COARSE_LOCATION" />
17-->src\main\AndroidManifest.xml:6:5-81
17-->src\main\AndroidManifest.xml:6:22-78
18
19    <queries>
19-->src\main\AndroidManifest.xml:9:5-30:15
20
21        <!-- If your app opens https URLs -->
22        <intent>
22-->src\main\AndroidManifest.xml:11:9-14:18
23            <action android:name="android.intent.action.VIEW" />
23-->src\main\AndroidManifest.xml:12:13-65
23-->src\main\AndroidManifest.xml:12:21-62
24
25            <data android:scheme="https" />
25-->src\main\AndroidManifest.xml:13:13-44
25-->src\main\AndroidManifest.xml:13:19-41
26        </intent>
27        <!-- If your app makes calls -->
28        <intent>
28-->src\main\AndroidManifest.xml:16:9-19:18
29            <action android:name="android.intent.action.DIAL" />
29-->src\main\AndroidManifest.xml:17:13-65
29-->src\main\AndroidManifest.xml:17:21-62
30
31            <data android:scheme="tel" />
31-->src\main\AndroidManifest.xml:13:13-44
31-->src\main\AndroidManifest.xml:13:19-41
32        </intent>
33        <!-- If your sends SMS messages -->
34        <intent>
34-->src\main\AndroidManifest.xml:21:9-24:18
35            <action android:name="android.intent.action.SENDTO" />
35-->src\main\AndroidManifest.xml:22:13-67
35-->src\main\AndroidManifest.xml:22:21-64
36
37            <data android:scheme="smsto" />
37-->src\main\AndroidManifest.xml:13:13-44
37-->src\main\AndroidManifest.xml:13:19-41
38        </intent>
39        <!-- If your app sends emails -->
40        <intent>
40-->src\main\AndroidManifest.xml:26:9-29:18
41            <action android:name="android.intent.action.SEND" />
41-->src\main\AndroidManifest.xml:27:13-65
41-->src\main\AndroidManifest.xml:27:21-62
42
43            <data android:mimeType="*/*" />
43-->src\main\AndroidManifest.xml:13:13-44
44        </intent>
45    </queries>
46
47    <uses-permission android:name="android.permission.ACCESS_NETWORK_STATE" />
47-->[com.google.firebase:firebase-auth:21.2.0] AndroidManifest.xml:26:5-79
47-->[com.google.firebase:firebase-auth:21.2.0] AndroidManifest.xml:26:22-76
48
49    <permission
49-->[androidx.core:core:1.9.0] AndroidManifest.xml:22:5-24:47
50        android:name="com.capstoneproject.raidereatsusersapp.DYNAMIC_RECEIVER_NOT_EXPORTED_PERMISSION"
50-->[androidx.core:core:1.9.0] AndroidManifest.xml:23:9-81
51        android:protectionLevel="signature" />
51-->[androidx.core:core:1.9.0] AndroidManifest.xml:24:9-44
52
53    <uses-permission android:name="com.capstoneproject.raidereatsusersapp.DYNAMIC_RECEIVER_NOT_EXPORTED_PERMISSION" />
53-->[androidx.core:core:1.9.0] AndroidManifest.xml:26:5-97
53-->[androidx.core:core:1.9.0] AndroidManifest.xml:26:22-94
54
55    <application
56        android:name="android.app.Application"
57        android:appComponentFactory="androidx.core.app.CoreComponentFactory"
57-->[androidx.core:core:1.9.0] AndroidManifest.xml:28:18-86
58        android:debuggable="true"
59        android:icon="@mipmap/ic_launcher"
60        android:label="raidereats_users_app" >
61        <activity
62            android:name="com.example.raidereats_users_app.MainActivity"
63            android:configChanges="orientation|keyboardHidden|keyboard|screenSize|smallestScreenSize|locale|layoutDirection|fontScale|screenLayout|density|uiMode"
64            android:exported="true"
65            android:hardwareAccelerated="true"
66            android:launchMode="singleTop"
67            android:theme="@style/LaunchTheme"
68            android:windowSoftInputMode="adjustResize" >
69
70            <!--
71                 Specifies an Android theme to apply to this Activity as soon as
72                 the Android process has started. This theme is visible to the user
73                 while the Flutter UI initializes. After that, this theme continues
74                 to determine the Window background behind the Flutter UI.
75            -->
76            <meta-data
77                android:name="io.flutter.embedding.android.NormalTheme"
78                android:resource="@style/NormalTheme" />
79
80            <intent-filter>
81                <action android:name="android.intent.action.MAIN" />
82
83                <category android:name="android.intent.category.LAUNCHER" />
84            </intent-filter>
85        </activity>
86        <!--
87             Don't delete the meta-data below.
88             This is used by the Flutter tool to generate GeneratedPluginRegistrant.java
89        -->
90        <meta-data
91            android:name="flutterEmbedding"
92            android:value="2" />
93
94        <service
94-->[:firebase_auth] AndroidManifest.xml:10:9-14:19
95            android:name="com.google.firebase.components.ComponentDiscoveryService"
95-->[:firebase_auth] AndroidManifest.xml:10:18-89
96            android:directBootAware="true"
96-->[com.google.firebase:firebase-common:20.3.2] AndroidManifest.xml:34:13-43
97            android:exported="false" >
97-->[com.google.firebase:firebase-auth:21.2.0] AndroidManifest.xml:68:13-37
98            <meta-data
98-->[:firebase_auth] AndroidManifest.xml:11:13-13:85
99                android:name="com.google.firebase.components:io.flutter.plugins.firebase.auth.FlutterFirebaseAuthRegistrar"
99-->[:firebase_auth] AndroidManifest.xml:12:17-124
100                android:value="com.google.firebase.components.ComponentRegistrar" />
100-->[:firebase_auth] AndroidManifest.xml:13:17-82
101            <meta-data
101-->[:firebase_storage] AndroidManifest.xml:11:13-13:85
102                android:name="com.google.firebase.components:io.flutter.plugins.firebase.storage.FlutterFirebaseAppRegistrar"
102-->[:firebase_storage] AndroidManifest.xml:12:17-126
103                android:value="com.google.firebase.components.ComponentRegistrar" />
103-->[:firebase_storage] AndroidManifest.xml:13:17-82
104            <meta-data
104-->[:cloud_firestore] AndroidManifest.xml:11:13-13:85
105                android:name="com.google.firebase.components:io.flutter.plugins.firebase.firestore.FlutterFirebaseFirestoreRegistrar"
105-->[:cloud_firestore] AndroidManifest.xml:12:17-134
106                android:value="com.google.firebase.components.ComponentRegistrar" />
106-->[:cloud_firestore] AndroidManifest.xml:13:17-82
107            <meta-data
107-->[:firebase_core] AndroidManifest.xml:11:13-13:85
108                android:name="com.google.firebase.components:io.flutter.plugins.firebase.core.FlutterFirebaseCoreRegistrar"
108-->[:firebase_core] AndroidManifest.xml:12:17-124
109                android:value="com.google.firebase.components.ComponentRegistrar" />
109-->[:firebase_core] AndroidManifest.xml:13:17-82
110            <meta-data
110-->[com.google.firebase:firebase-auth:21.2.0] AndroidManifest.xml:69:13-71:85
111                android:name="com.google.firebase.components:com.google.firebase.auth.FirebaseAuthRegistrar"
111-->[com.google.firebase:firebase-auth:21.2.0] AndroidManifest.xml:70:17-109
112                android:value="com.google.firebase.components.ComponentRegistrar" />
112-->[com.google.firebase:firebase-auth:21.2.0] AndroidManifest.xml:71:17-82
113            <meta-data
113-->[com.google.firebase:firebase-firestore:24.4.5] AndroidManifest.xml:19:13-21:85
114                android:name="com.google.firebase.components:com.google.firebase.firestore.FirestoreRegistrar"
114-->[com.google.firebase:firebase-firestore:24.4.5] AndroidManifest.xml:20:17-111
115                android:value="com.google.firebase.components.ComponentRegistrar" />
115-->[com.google.firebase:firebase-firestore:24.4.5] AndroidManifest.xml:21:17-82
116            <meta-data
116-->[com.google.firebase:firebase-storage:20.1.0] AndroidManifest.xml:32:13-34:85
117                android:name="com.google.firebase.components:com.google.firebase.storage.StorageRegistrar"
117-->[com.google.firebase:firebase-storage:20.1.0] AndroidManifest.xml:33:17-107
118                android:value="com.google.firebase.components.ComponentRegistrar" />
118-->[com.google.firebase:firebase-storage:20.1.0] AndroidManifest.xml:34:17-82
119        </service>
120
121        <provider
121-->[:image_picker_android] AndroidManifest.xml:10:9-18:20
122            android:name="io.flutter.plugins.imagepicker.ImagePickerFileProvider"
122-->[:image_picker_android] AndroidManifest.xml:11:13-82
123            android:authorities="com.capstoneproject.raidereatsusersapp.flutter.image_provider"
123-->[:image_picker_android] AndroidManifest.xml:12:13-74
124            android:exported="false"
124-->[:image_picker_android] AndroidManifest.xml:13:13-37
125            android:grantUriPermissions="true" >
125-->[:image_picker_android] AndroidManifest.xml:14:13-47
126            <meta-data
126-->[:image_picker_android] AndroidManifest.xml:15:13-17:75
127                android:name="android.support.FILE_PROVIDER_PATHS"
127-->[:image_picker_android] AndroidManifest.xml:16:17-67
128                android:resource="@xml/flutter_image_picker_file_paths" />
128-->[:image_picker_android] AndroidManifest.xml:17:17-72
129        </provider>
130
131        <activity
131-->[:url_launcher_android] AndroidManifest.xml:10:9-13:74
132            android:name="io.flutter.plugins.urllauncher.WebViewActivity"
132-->[:url_launcher_android] AndroidManifest.xml:11:13-74
133            android:exported="false"
133-->[:url_launcher_android] AndroidManifest.xml:12:13-37
134            android:theme="@android:style/Theme.NoTitleBar.Fullscreen" />
134-->[:url_launcher_android] AndroidManifest.xml:13:13-71
135        <activity
135-->[com.google.firebase:firebase-auth:21.2.0] AndroidManifest.xml:29:9-46:20
136            android:name="com.google.firebase.auth.internal.GenericIdpActivity"
136-->[com.google.firebase:firebase-auth:21.2.0] AndroidManifest.xml:30:13-80
137            android:excludeFromRecents="true"
137-->[com.google.firebase:firebase-auth:21.2.0] AndroidManifest.xml:31:13-46
138            android:exported="true"
138-->[com.google.firebase:firebase-auth:21.2.0] AndroidManifest.xml:32:13-36
139            android:launchMode="singleTask"
139-->[com.google.firebase:firebase-auth:21.2.0] AndroidManifest.xml:33:13-44
140            android:theme="@android:style/Theme.Translucent.NoTitleBar" >
140-->[com.google.firebase:firebase-auth:21.2.0] AndroidManifest.xml:34:13-72
141            <intent-filter>
141-->[com.google.firebase:firebase-auth:21.2.0] AndroidManifest.xml:35:13-45:29
142                <action android:name="android.intent.action.VIEW" />
142-->src\main\AndroidManifest.xml:12:13-65
142-->src\main\AndroidManifest.xml:12:21-62
143
144                <category android:name="android.intent.category.DEFAULT" />
144-->[com.google.firebase:firebase-auth:21.2.0] AndroidManifest.xml:38:17-76
144-->[com.google.firebase:firebase-auth:21.2.0] AndroidManifest.xml:38:27-73
145                <category android:name="android.intent.category.BROWSABLE" />
145-->[com.google.firebase:firebase-auth:21.2.0] AndroidManifest.xml:39:17-78
145-->[com.google.firebase:firebase-auth:21.2.0] AndroidManifest.xml:39:27-75
146
147                <data
147-->src\main\AndroidManifest.xml:13:13-44
148                    android:host="firebase.auth"
149                    android:path="/"
150                    android:scheme="genericidp" />
150-->src\main\AndroidManifest.xml:13:19-41
151            </intent-filter>
152        </activity>
153        <activity
153-->[com.google.firebase:firebase-auth:21.2.0] AndroidManifest.xml:47:9-64:20
154            android:name="com.google.firebase.auth.internal.RecaptchaActivity"
154-->[com.google.firebase:firebase-auth:21.2.0] AndroidManifest.xml:48:13-79
155            android:excludeFromRecents="true"
155-->[com.google.firebase:firebase-auth:21.2.0] AndroidManifest.xml:49:13-46
156            android:exported="true"
156-->[com.google.firebase:firebase-auth:21.2.0] AndroidManifest.xml:50:13-36
157            android:launchMode="singleTask"
157-->[com.google.firebase:firebase-auth:21.2.0] AndroidManifest.xml:51:13-44
158            android:theme="@android:style/Theme.Translucent.NoTitleBar" >
158-->[com.google.firebase:firebase-auth:21.2.0] AndroidManifest.xml:52:13-72
159            <intent-filter>
159-->[com.google.firebase:firebase-auth:21.2.0] AndroidManifest.xml:53:13-63:29
160                <action android:name="android.intent.action.VIEW" />
160-->src\main\AndroidManifest.xml:12:13-65
160-->src\main\AndroidManifest.xml:12:21-62
161
162                <category android:name="android.intent.category.DEFAULT" />
162-->[com.google.firebase:firebase-auth:21.2.0] AndroidManifest.xml:38:17-76
162-->[com.google.firebase:firebase-auth:21.2.0] AndroidManifest.xml:38:27-73
163                <category android:name="android.intent.category.BROWSABLE" />
163-->[com.google.firebase:firebase-auth:21.2.0] AndroidManifest.xml:39:17-78
163-->[com.google.firebase:firebase-auth:21.2.0] AndroidManifest.xml:39:27-75
164
165                <data
165-->src\main\AndroidManifest.xml:13:13-44
166                    android:host="firebase.auth"
167                    android:path="/"
168                    android:scheme="recaptcha" />
168-->src\main\AndroidManifest.xml:13:19-41
169            </intent-filter>
170        </activity>
171
172        <provider
172-->[com.google.firebase:firebase-common:20.3.2] AndroidManifest.xml:25:9-30:39
173            android:name="com.google.firebase.provider.FirebaseInitProvider"
173-->[com.google.firebase:firebase-common:20.3.2] AndroidManifest.xml:26:13-77
174            android:authorities="com.capstoneproject.raidereatsusersapp.firebaseinitprovider"
174-->[com.google.firebase:firebase-common:20.3.2] AndroidManifest.xml:27:13-72
175            android:directBootAware="true"
175-->[com.google.firebase:firebase-common:20.3.2] AndroidManifest.xml:28:13-43
176            android:exported="false"
176-->[com.google.firebase:firebase-common:20.3.2] AndroidManifest.xml:29:13-37
177            android:initOrder="100" />
177-->[com.google.firebase:firebase-common:20.3.2] AndroidManifest.xml:30:13-36
178
179        <activity
179-->[com.google.android.gms:play-services-base:18.0.1] AndroidManifest.xml:20:9-22:45
180            android:name="com.google.android.gms.common.api.GoogleApiActivity"
180-->[com.google.android.gms:play-services-base:18.0.1] AndroidManifest.xml:20:19-85
181            android:exported="false"
181-->[com.google.android.gms:play-services-base:18.0.1] AndroidManifest.xml:22:19-43
182            android:theme="@android:style/Theme.Translucent.NoTitleBar" />
182-->[com.google.android.gms:play-services-base:18.0.1] AndroidManifest.xml:21:19-78
183
184        <meta-data
184-->[com.google.android.gms:play-services-basement:18.1.0] AndroidManifest.xml:21:9-23:69
185            android:name="com.google.android.gms.version"
185-->[com.google.android.gms:play-services-basement:18.1.0] AndroidManifest.xml:22:13-58
186            android:value="@integer/google_play_services_version" />
186-->[com.google.android.gms:play-services-basement:18.1.0] AndroidManifest.xml:23:13-66
187
188        <uses-library
188-->[androidx.window:window:1.0.0-beta04] AndroidManifest.xml:25:9-27:40
189            android:name="androidx.window.extensions"
189-->[androidx.window:window:1.0.0-beta04] AndroidManifest.xml:26:13-54
190            android:required="false" />
190-->[androidx.window:window:1.0.0-beta04] AndroidManifest.xml:27:13-37
191        <uses-library
191-->[androidx.window:window:1.0.0-beta04] AndroidManifest.xml:28:9-30:40
192            android:name="androidx.window.sidecar"
192-->[androidx.window:window:1.0.0-beta04] AndroidManifest.xml:29:13-51
193            android:required="false" />
193-->[androidx.window:window:1.0.0-beta04] AndroidManifest.xml:30:13-37
194    </application>
195
196</manifest>